<?xml version="1.0" encoding="UTF-8"?>
<testng-results skipped="0" failed="0" total="1" passed="1">
  <reporter-output>
  </reporter-output>
  <suite name="Default suite" duration-ms="355" started-at="2021-07-07T09:06:44Z" finished-at="2021-07-07T09:06:44Z">
    <groups>
    </groups>
    <test name="Default test" duration-ms="355" started-at="2021-07-07T09:06:44Z" finished-at="2021-07-07T09:06:44Z">
      <class name="DatabaseTesingDemo">
        <test-method status="PASS" signature="setUp()[pri:0, instance:DatabaseTesingDemo@18be83e4]" name="setUp" is-config="true" duration-ms="297" started-at="2021-07-07T14:36:44Z" finished-at="2021-07-07T14:36:44Z">
          <reporter-output>
          </reporter-output>
        </test-method> <!-- setUp -->
        <test-method status="PASS" signature="test()[pri:0, instance:DatabaseTesingDemo@18be83e4]" name="test" duration-ms="41" started-at="2021-07-07T14:36:44Z" finished-at="2021-07-07T14:36:44Z">
          <reporter-output>
          </reporter-output>
        </test-method> <!-- test -->
        <test-method status="PASS" signature="tearDown()[pri:0, instance:DatabaseTesingDemo@18be83e4]" name="tearDown" is-config="true" duration-ms="0" started-at="2021-07-07T14:36:44Z" finished-at="2021-07-07T14:36:44Z">
          <reporter-output>
          </reporter-output>
        </test-method> <!-- tearDown -->
      </class> <!-- DatabaseTesingDemo -->
    </test> <!-- Default test -->
  </suite> <!-- Default suite -->
</testng-results>
